准备拉取:2011-01-01
	获取【未识别的垃圾邮件】队列
		查询到【2479】条数据
		id【1】，下载成功。
		id【3】，下载成功。
		id【6】，下载成功。
		id【7】，下载成功。
		id【8】，下载成功。
		id【9】，下载成功。
		id【10】，下载成功。
		id【11】，下载成功。
		id【12】，下载成功。
		id【13】，下载成功。
		id【14】，下载成功。
		id【15】，下载成功。
		id【17】，下载成功。
		id【22】，下载成功。
		id【23】，下载成功。
		id【24】，下载成功。
		id【25】，下载成功。
		id【26】，下载成功。
		id【27】，下载成功。
		id【28】，下载成功。
		id【29】，下载成功。
		id【30】，下载成功。
		id【31】，下载成功。
		id【32】，下载成功。
		id【33】，下载成功。
		id【34】，下载成功。
		id【35】，下载成功。
		id【37】，下载成功。
		id【38】，下载成功。
		id【39】，下载成功。
		id【40】，下载成功。
		id【41】，下载成功。
		id【42】，下载成功。
		id【43】，下载成功。
		id【44】，下载成功。
		id【45】，下载成功。
		id【65】，下载成功。
		id【66】，下载成功。
		id【67】，下载成功。
		id【69】，下载成功。
		id【70】，下载成功。
		id【71】，下载成功。
		id【74】，下载成功。
		id【82】，下载成功。
		id【86】，下载成功。
		id【87】，下载成功。
		id【88】，下载成功。
		id【92】，下载成功。
		id【107】，下载成功。
		id【108】，下载成功。
		id【110】，下载成功。
		id【111】，下载成功。
		id【118】，下载成功。
		id【119】，下载成功。
		id【122】，下载成功。
		id【125】，下载成功。
		id【126】，下载成功。
		id【127】，下载成功。
		id【129】，下载成功。
		id【130】，下载成功。
		id【131】，下载成功。
		id【132】，下载成功。
		id【133】，下载成功。
		id【134】，下载成功。
		id【135】，下载成功。
		id【136】，下载成功。
		id【137】，下载成功。
		id【138】，下载成功。
		id【139】，下载成功。
		id【140】，下载成功。
		id【141】，下载成功。
		id【142】，下载成功。
		id【143】，下载成功。
		id【144】，下载成功。
		id【145】，下载成功。
		id【146】，下载成功。
		id【147】，下载成功。
		id【149】，下载成功。
		id【150】，下载成功。
		id【151】，下载成功。
		id【152】，下载成功。
		id【153】，下载成功。
		id【154】，下载成功。
		id【155】，下载成功。
		id【156】，下载成功。
		id【157】，下载成功。
		id【158】，下载成功。
		id【159】，下载成功。
		id【160】，下载成功。
		id【161】，下载成功。
		id【162】，下载成功。
		id【163】，下载成功。
		id【164】，下载成功。
		id【165】，下载成功。
		id【166】，下载成功。
		id【167】，下载成功。
		id【168】，下载成功。
		id【169】，下载成功。
		id【170】，下载成功。
		id【171】，下载成功。
		id【172】，下载成功。
		id【182】，下载成功。
		id【184】，下载成功。
		id【191】，下载成功。
		id【196】，下载成功。
		id【197】，下载成功。
		id【198】，下载成功。
		id【199】，下载成功。
		id【200】，下载成功。
		id【201】，下载成功。
		id【202】，下载成功。
		id【203】，下载成功。
		id【204】，下载成功。
		id【205】，下载成功。
		id【206】，下载成功。
		id【207】，下载成功。
		id【208】，下载成功。
		id【209】，下载成功。
		id【210】，下载成功。
		id【211】，下载成功。
		id【212】，下载成功。
		id【215】，下载成功。
		id【216】，下载成功。
		id【217】，下载成功。
		id【218】，下载成功。
		id【219】，下载成功。
		id【220】，下载成功。
		id【221】，下载成功。
		id【222】，下载成功。
		id【223】，下载成功。
		id【224】，下载成功。
		id【225】，下载成功。
		id【226】，下载成功。
		id【230】，下载成功。
		id【231】，下载成功。
		id【232】，下载成功。
		id【233】，下载成功。
		id【234】，下载成功。
		id【235】，下载成功。
		id【236】，下载成功。
		id【240】，下载成功。
		id【241】，下载成功。
		id【242】，下载成功。
		id【243】，下载成功。
		id【244】，下载成功。
		id【245】，下载成功。
		id【246】，下载成功。
		id【247】，下载成功。
		id【248】，下载成功。
		id【256】，下载成功。
		id【257】，下载成功。
		id【258】，下载成功。
		id【260】，下载成功。
		id【261】，下载成功。
		id【262】，下载成功。
		id【263】，下载成功。
		id【264】，下载成功。
		id【265】，下载成功。
		id【266】，下载成功。
		id【267】，下载成功。
		id【268】，下载成功。
		id【269】，下载成功。
		id【270】，下载成功。
		id【271】，下载成功。
		id【272】，下载成功。
		id【273】，下载成功。
		id【274】，下载成功。
		id【275】，下载成功。
		id【276】，下载成功。
		id【277】，下载成功。
		id【278】，下载成功。
		id【279】，下载成功。
		id【280】，下载成功。
		id【281】，下载成功。
		id【282】，下载成功。
		id【283】，下载成功。
		id【284】，下载成功。
		id【285】，下载成功。
		id【286】，下载成功。
		id【287】，下载成功。
		id【288】，下载成功。
		id【289】，下载成功。
		id【290】，下载成功。
		id【291】，下载成功。
		id【292】，下载成功。
		id【293】，下载成功。
		id【294】，下载成功。
		id【295】，下载成功。
		id【296】，下载成功。
		id【297】，下载成功。
		id【298】，下载成功。
		id【299】，下载成功。
		id【300】，下载成功。
		id【301】，下载成功。
		id【302】，下载成功。
		id【303】，下载成功。
		id【304】，下载成功。
		id【305】，下载成功。
		id【306】，下载成功。
		id【307】，下载成功。
		id【308】，下载成功。
		id【309】，下载成功。
		id【310】，下载成功。
		id【311】，下载成功。
		id【312】，下载成功。
		id【313】，下载成功。
		id【314】，下载成功。
		id【315】，下载成功。
		id【316】，下载成功。
		id【317】，下载成功。
		id【318】，下载成功。
		id【319】，下载成功。
		id【320】，下载成功。
		id【321】，下载成功。
		id【322】，下载成功。
		id【323】，下载成功。
		id【324】，下载成功。
		id【325】，下载成功。
		id【326】，下载成功。
		id【327】，下载成功。
		id【328】，下载成功。
		id【329】，下载成功。
		id【330】，下载成功。
		id【331】，下载成功。
		id【332】，下载成功。
		id【333】，下载成功。
		id【334】，下载成功。
		id【335】，下载成功。
		id【336】，下载成功。
		id【337】，下载成功。
		id【338】，下载成功。
		id【339】，下载成功。
		id【340】，下载成功。
		id【341】，下载成功。
		id【342】，下载成功。
		id【343】，下载成功。
		id【344】，下载成功。
		id【346】，下载成功。
		id【352】，下载成功。
		id【353】，下载成功。
		id【354】，下载成功。
		id【355】，下载成功。
		id【356】，下载成功。
		id【357】，下载成功。
		id【1001】，下载成功。
		id【998】，下载成功。
		id【996】，下载成功。
		id【995】，下载成功。
		id【994】，下载成功。
		id【993】，下载成功。
		id【992】，下载成功。
		id【375】，下载成功。
		id【376】，下载成功。
		id【379】，下载成功。
		id【381】，下载成功。
		id【382】，下载成功。
		id【386】，下载成功。
		id【387】，下载成功。
		id【388】，下载成功。
		id【991】，下载成功。
		id【391】，下载成功。
		id【393】，下载成功。
		id【396】，下载成功。
		id【397】，下载成功。
		id【398】，下载成功。
		id【399】，下载成功。
		id【400】，下载成功。
		id【404】，下载成功。
		id【405】，下载成功。
		id【406】，下载成功。
		id【408】，下载成功。
		id【410】，下载成功。
		id【411】，下载成功。
		id【412】，下载成功。
		id【413】，下载成功。
		id【414】，下载成功。
		id【416】，下载成功。
		id【417】，下载成功。
		id【418】，下载成功。
		id【419】，下载成功。
		id【420】，下载成功。
		id【421】，下载成功。
		id【422】，下载成功。
		id【423】，下载成功。
		id【424】，下载成功。
		id【425】，下载成功。
		id【426】，下载成功。
		id【427】，下载成功。
		id【428】，下载成功。
		id【429】，下载成功。
		id【430】，下载成功。
		id【431】，下载成功。
		id【432】，下载成功。
		id【433】，下载成功。
		id【434】，下载成功。
		id【435】，下载成功。
		id【436】，下载成功。
		id【443】，下载成功。
		id【444】，下载成功。
		id【445】，下载成功。
		id【446】，下载成功。
		id【447】，下载成功。
		id【448】，下载成功。
		id【449】，下载成功。
		id【452】，下载成功。
		id【455】，下载成功。
		id【456】，下载成功。
		id【457】，下载成功。
		id【458】，下载成功。
		id【459】，下载成功。
		id【460】，下载成功。
		id【461】，下载成功。
		id【462】，下载成功。
		id【463】，下载成功。
		id【472】，下载成功。
		id【473】，下载成功。
		id【474】，下载成功。
		id【475】，下载成功。
		id【479】，下载成功。
		id【480】，下载成功。
		id【481】，下载成功。
		id【483】，下载成功。
		id【484】，下载成功。
		id【485】，下载成功。
		id【486】，下载成功。
		id【489】，下载成功。
		id【490】，下载成功。
		id【496】，下载成功。
		id【497】，下载成功。
		id【498】，下载成功。
		id【505】，下载成功。
		id【506】，下载成功。
		id【507】，下载成功。
		id【508】，下载成功。
		id【509】，下载成功。
		id【510】，下载成功。
		id【511】，下载成功。
		id【512】，下载成功。
		id【513】，下载成功。
		id【514】，下载成功。
		id【515】，下载成功。
		id【516】，下载成功。
		id【517】，下载成功。
		id【518】，下载成功。
		id【519】，下载成功。
		id【520】，下载成功。
		id【521】，下载成功。
		id【522】，下载成功。
		id【523】，下载成功。
		id【524】，下载成功。
		id【525】，下载成功。
		id【526】，下载成功。
		id【527】，下载成功。
		id【528】，下载成功。
		id【529】，下载成功。
		id【530】，下载成功。
		id【531】，下载成功。
		id【532】，下载成功。
		id【533】，下载成功。
		id【534】，下载成功。
		id【535】，下载成功。
		id【536】，下载成功。
		id【537】，下载成功。
		id【538】，下载成功。
		id【539】，下载成功。
		id【540】，下载成功。
		id【541】，下载成功。
		id【542】，下载成功。
		id【543】，下载成功。
		id【544】，下载成功。
		id【545】，下载成功。
		id【546】，下载成功。
		id【547】，下载成功。
		id【548】，下载成功。
		id【549】，下载成功。
		id【550】，下载成功。
		id【553】，下载成功。
		id【554】，下载成功。
		id【555】，下载成功。
		id【556】，下载成功。
		id【557】，下载成功。
		id【558】，下载成功。
		id【559】，下载成功。
		id【560】，下载成功。
		id【561】，下载成功。
		id【563】，下载成功。
		id【564】，下载成功。
		id【565】，下载成功。
		id【566】，下载成功。
		id【567】，下载成功。
		id【568】，下载成功。
		id【569】，下载成功。
		id【571】，下载成功。
		id【572】，下载成功。
		id【573】，下载成功。
		id【574】，下载成功。
		id【575】，下载成功。
		id【576】，下载成功。
		id【577】，下载成功。
		id【578】，下载成功。
		id【579】，下载成功。
		id【580】，下载成功。
		id【581】，下载成功。
		id【582】，下载成功。
		id【583】，下载成功。
		id【584】，下载成功。
		id【585】，下载成功。
		id【586】，下载成功。
		id【587】，下载成功。
		id【588】，下载成功。
		id【589】，下载成功。
		id【590】，下载成功。
		id【591】，下载成功。
		id【592】，下载成功。
		id【593】，下载成功。
		id【594】，下载成功。
		id【595】，下载成功。
		id【596】，下载成功。
		id【597】，下载成功。
		id【598】，下载成功。
		id【599】，下载成功。
		id【600】，下载成功。
		id【601】，下载成功。
		id【602】，下载成功。
		id【603】，下载成功。
		id【604】，下载成功。
		id【605】，下载成功。
		id【606】，下载成功。
		id【607】，下载成功。
		id【608】，下载成功。
		id【609】，下载成功。
		id【610】，下载成功。
		id【611】，下载成功。
		id【612】，下载成功。
		id【613】，下载成功。
		id【614】，下载成功。
		id【615】，下载成功。
		id【616】，下载成功。
		id【617】，下载成功。
		id【618】，下载成功。
		id【619】，下载成功。
		id【620】，下载成功。
		id【621】，下载成功。
		id【622】，下载成功。
		id【623】，下载成功。
		id【624】，下载成功。
		id【625】，下载成功。
		id【626】，下载成功。
		id【627】，下载成功。
		id【628】，下载成功。
		id【629】，下载成功。
		id【630】，下载成功。
		id【631】，下载成功。
		id【632】，下载成功。
		id【633】，下载成功。
		id【634】，下载成功。
		id【635】，下载成功。
		id【636】，下载成功。
		id【637】，下载成功。
		id【638】，下载成功。
		id【639】，下载成功。
		id【640】，下载成功。
		id【641】，下载成功。
		id【642】，下载成功。
		id【643】，下载成功。
		id【644】，下载成功。
		id【645】，下载成功。
		id【646】，下载成功。
		id【647】，下载成功。
		id【648】，下载成功。
		id【649】，下载成功。
		id【650】，下载成功。
		id【651】，下载成功。
		id【652】，下载成功。
		id【653】，下载成功。
		id【654】，下载成功。
		id【655】，下载成功。
		id【656】，下载成功。
		id【657】，下载成功。
		id【658】，下载成功。
		id【659】，下载成功。
		id【660】，下载成功。
		id【661】，下载成功。
		id【662】，下载成功。
		id【664】，下载成功。
		id【665】，下载成功。
		id【668】，下载成功。
		id【671】，下载成功。
		id【672】，下载成功。
		id【673】，下载成功。
		id【674】，下载成功。
		id【675】，下载成功。
		id【676】，下载成功。
		id【678】，下载成功。
		id【679】，下载成功。
		id【680】，下载成功。
		id【681】，下载成功。
		id【682】，下载成功。
		id【683】，下载成功。
		id【684】，下载成功。
		id【685】，下载成功。
		id【686】，下载成功。
		id【687】，下载成功。
		id【688】，下载成功。
		id【689】，下载成功。
		id【690】，下载成功。
		id【691】，下载成功。
		id【692】，下载成功。
		id【695】，下载成功。
		id【696】，下载成功。
		id【697】，下载成功。
		id【698】，下载成功。
		id【699】，下载成功。
		id【700】，下载成功。
		id【701】，下载成功。
		id【702】，下载成功。
		id【703】，下载成功。
		id【704】，下载成功。
		id【705】，下载成功。
		id【706】，下载成功。
		id【707】，下载成功。
		id【708】，下载成功。
		id【712】，下载成功。
		id【713】，下载成功。
		id【714】，下载成功。
		id【715】，下载成功。
		id【716】，下载成功。
		id【717】，下载成功。
		id【718】，下载成功。
		id【719】，下载成功。
		id【720】，下载成功。
		id【721】，下载成功。
		id【722】，下载成功。
		id【723】，下载成功。
		id【724】，下载成功。
		id【725】，下载成功。
		id【726】，下载成功。
		id【727】，下载成功。
		id【728】，下载成功。
		id【729】，下载成功。
		id【730】，下载成功。
		id【731】，下载成功。
		id【732】，下载成功。
		id【733】，下载成功。
		id【734】，下载成功。
		id【735】，下载成功。
		id【736】，下载成功。
		id【737】，下载成功。
		id【738】，下载成功。
		id【739】，下载成功。
		id【740】，下载成功。
		id【742】，下载成功。
		id【743】，下载成功。
		id【744】，下载成功。
		id【745】，下载成功。
		id【746】，下载成功。
		id【747】，下载成功。
		id【748】，下载成功。
		id【749】，下载成功。
		id【750】，下载成功。
		id【751】，下载成功。
		id【752】，下载成功。
		id【753】，下载成功。
		id【754】，下载成功。
		id【755】，下载成功。
		id【756】，下载成功。
		id【757】，下载成功。
		id【758】，下载成功。
		id【759】，下载成功。
		id【760】，下载成功。
		id【761】，下载成功。
		id【762】，下载成功。
		id【765】，下载成功。
		id【767】，下载成功。
		id【768】，下载成功。
		id【769】，下载成功。
		id【770】，下载成功。
		id【771】，下载成功。
		id【772】，下载成功。
		id【773】，下载成功。
		id【774】，下载成功。
		id【775】，下载成功。
		id【776】，下载成功。
		id【777】，下载成功。
		id【778】，下载成功。
		id【779】，下载成功。
		id【1006】，下载成功。
		id【782】，下载成功。
		id【783】，下载成功。
		id【784】，下载成功。
		id【799】，下载成功。
		id【800】，下载成功。
		id【801】，下载成功。
		id【802】，下载成功。
		id【803】，下载成功。
		id【804】，下载成功。
		id【805】，下载成功。
		id【806】，下载成功。
		id【807】，下载成功。
		id【808】，下载成功。
		id【809】，下载成功。
		id【810】，下载成功。
		id【816】，下载成功。
		id【817】，下载成功。
		id【818】，下载成功。
		id【819】，下载成功。
		id【820】，下载成功。
		id【823】，下载成功。
		id【824】，下载成功。
		id【825】，下载成功。
		id【826】，下载成功。
		id【827】，下载成功。
		id【828】，下载成功。
		id【829】，下载成功。
		id【830】，下载成功。
		id【831】，下载成功。
		id【832】，下载成功。
		id【835】，下载成功。
		id【836】，下载成功。
		id【837】，下载成功。
		id【838】，下载成功。
		id【842】，下载成功。
		id【843】，下载成功。
		id【844】，下载成功。
		id【845】，下载成功。
		id【846】，下载成功。
		id【847】，下载成功。
		id【848】，下载成功。
		id【849】，下载成功。
		id【850】，下载成功。
		id【851】，下载成功。
		id【852】，下载成功。
		id【853】，下载成功。
		id【854】，下载成功。
		id【855】，下载成功。
		id【856】，下载成功。
		id【857】，下载成功。
		id【859】，下载成功。
		id【860】，下载成功。
		id【861】，下载成功。
		id【862】，下载成功。
		id【863】，下载成功。
		id【864】，下载成功。
		id【865】，下载成功。
		id【866】，下载成功。
		id【867】，下载成功。
		id【874】，下载成功。
		id【876】，下载成功。
		id【877】，下载成功。
		id【878】，下载成功。
		id【879】，下载成功。
		id【880】，下载成功。
		id【881】，下载成功。
		id【882】，下载成功。
		id【883】，下载成功。
		id【885】，下载成功。
		id【886】，下载成功。
		id【887】，下载成功。
		id【888】，下载成功。
		id【891】，下载成功。
		id【894】，下载成功。
		id【896】，下载成功。
		id【897】，下载成功。
		id【898】，下载成功。
		id【901】，下载成功。
		id【909】，下载成功。
		id【910】，下载成功。
		id【914】，下载成功。
		id【915】，下载成功。
		id【916】，下载成功。
		id【924】，下载成功。
		id【925】，下载成功。
		id【926】，下载成功。
		id【927】，下载成功。
		id【928】，下载成功。
		id【929】，下载成功。
		id【930】，下载成功。
		id【931】，下载成功。
		id【932】，下载成功。
		id【933】，下载成功。
		id【934】，下载成功。
		id【935】，下载成功。
		id【936】，下载成功。
		id【937】，下载成功。
		id【938】，下载成功。
		id【939】，下载成功。
		id【940】，下载成功。
		id【941】，下载成功。
		id【942】，下载成功。
		id【943】，下载成功。
		id【944】，下载成功。
		id【945】，下载成功。
		id【946】，下载成功。
		id【947】，下载成功。
		id【949】，下载成功。
		id【952】，下载成功。
		id【960】，下载成功。
		id【961】，下载成功。
		id【962】，下载成功。
		id【963】，下载成功。
		id【964】，下载成功。
		id【965】，下载成功。
		id【966】，下载成功。
		id【967】，下载成功。
		id【968】，下载成功。
		id【969】，下载成功。
		id【970】，下载成功。
		id【971】，下载成功。
		id【972】，下载成功。
		id【973】，下载成功。
		id【974】，下载成功。
		id【975】，下载成功。
		id【985】，下载成功。
		id【986】，下载成功。
		id【987】，下载成功。
		id【1007】，下载成功。
		id【1012】，下载成功。
		id【1013】，下载成功。
		id【1014】，下载成功。
		id【1015】，下载成功。
		id【1016】，下载成功。
		id【1017】，下载成功。
		id【1018】，下载成功。
		id【1020】，下载成功。
		id【1021】，下载成功。
		id【1026】，下载成功。
		id【1030】，下载成功。
		id【1031】，下载成功。
		id【1032】，下载成功。
		id【1033】，下载成功。
		id【1034】，下载成功。
		id【1035】，下载成功。
		id【1036】，下载成功。
		id【1037】，下载成功。
		id【1038】，下载成功。
		id【1039】，下载成功。
		id【1040】，下载成功。
		id【1042】，下载成功。
		id【1043】，下载成功。
		id【1045】，下载成功。
		id【1050】，下载成功。
		id【1051】，下载成功。
		id【1052】，下载成功。
		id【1053】，下载成功。
		id【1054】，下载成功。
		id【1055】，下载成功。
		id【1056】，下载成功。
		id【1057】，下载成功。
		id【1058】，下载成功。
		id【1059】，下载成功。
		id【1060】，下载成功。
		id【1063】，下载成功。
		id【1064】，下载成功。
		id【1065】，下载成功。
		id【1066】，下载成功。
		id【1069】，下载成功。
		id【1070】，下载成功。
		id【1072】，下载成功。
		id【1073】，下载成功。
		id【1074】，下载成功。
		id【1075】，下载成功。
		id【1076】，下载成功。
		id【1092】，下载成功。
		id【1093】，下载成功。
		id【1094】，下载成功。
		id【1095】，下载成功。
		id【1096】，下载成功。
		id【1097】，下载成功。
		id【1098】，下载成功。
		id【1099】，下载成功。
		id【1100】，下载成功。
		id【1101】，下载成功。
		id【1102】，下载成功。
		id【1104】，下载成功。
		id【1105】，下载成功。
		id【1106】，下载成功。
		id【1107】，下载成功。
		id【1108】，下载成功。
		id【1109】，下载成功。
		id【1111】，下载成功。
		id【1112】，下载成功。
		id【1113】，下载成功。
		id【1116】，下载成功。
		id【1117】，下载成功。
		id【1129】，下载成功。
		id【1131】，下载成功。
		id【1133】，下载成功。
		id【1135】，下载成功。
		id【1136】，下载成功。
		id【1139】，下载成功。
		id【1140】，下载成功。
		id【1141】，下载成功。
		id【1142】，下载成功。
		id【1143】，下载成功。
		id【1144】，下载成功。
		id【1150】，下载成功。
		id【1153】，下载成功。
		id【1154】，下载成功。
		id【1155】，下载成功。
		id【1158】，下载成功。
		id【1161】，下载成功。
		id【1163】，下载成功。
		id【1164】，下载成功。
		id【1166】，下载成功。
		id【1167】，下载成功。
		id【1168】，下载成功。
		id【1169】，下载成功。
		id【1170】，下载成功。
		id【1171】，下载成功。
		id【1173】，下载成功。
		id【1174】，下载成功。
		id【1176】，下载成功。
		id【1178】，下载成功。
		id【1179】，下载成功。
		id【1180】，下载成功。
		id【1181】，下载成功。
		id【1183】，下载成功。
		id【1186】，下载成功。
		id【1188】，下载成功。
		id【1189】，下载成功。
		id【1190】，下载成功。
		id【1191】，下载成功。
		id【1193】，下载成功。
		id【1194】，下载成功。
		id【1195】，下载成功。
		id【1196】，下载成功。
		id【1197】，下载成功。
		id【1198】，下载成功。
		id【1199】，下载成功。
		id【1200】，下载成功。
		id【1201】，下载成功。
		id【1204】，下载成功。
		id【1210】，下载成功。
		id【1211】，下载成功。
		id【1212】，下载成功。
		id【1213】，下载成功。
		id【1214】，下载成功。
		id【1215】，下载成功。
		id【1216】，下载成功。
		id【1217】，下载成功。
		id【1218】，下载成功。
		id【1219】，下载成功。
		id【1220】，下载成功。
		id【1221】，下载成功。
		id【1222】，下载成功。
		id【1223】，下载成功。
		id【1224】，下载成功。
		id【1225】，下载成功。
		id【1228】，下载成功。
		id【1229】，下载成功。
		id【1230】，下载成功。
		id【1231】，下载成功。
		id【1232】，下载成功。
		id【1234】，下载成功。
		id【1235】，下载成功。
		id【1239】，下载成功。
		id【1240】，下载成功。
		id【1241】，下载成功。
		id【1242】，下载成功。
		id【1247】，下载成功。
		id【1248】，下载成功。
		id【1249】，下载成功。
		id【1252】，下载成功。
		id【1253】，下载成功。
		id【1254】，下载成功。
		id【1255】，下载成功。
		id【1256】，下载成功。
		id【1257】，下载成功。
		id【1258】，下载成功。
		id【1259】，下载成功。
		id【1260】，下载成功。
		id【1261】，下载成功。
		id【1262】，下载成功。
		id【1265】，下载成功。
		id【1266】，下载成功。
		id【1267】，下载成功。
		id【1268】，下载成功。
		id【1269】，下载成功。
		id【1270】，下载成功。
		id【1271】，下载成功。
		id【1272】，下载成功。
		id【1273】，下载成功。
		id【1274】，下载成功。
		id【1278】，下载成功。
		id【1279】，下载成功。
		id【1280】，下载成功。
		id【1281】，下载成功。
		id【1282】，下载成功。
		id【1283】，下载成功。
		id【1284】，下载成功。
		id【1287】，下载成功。
		id【1289】，下载成功。
		id【1290】，下载成功。
		id【1293】，下载成功。
		id【1294】，下载成功。
		id【1295】，下载成功。
		id【1297】，下载成功。
		id【1298】，下载成功。
		id【1299】，下载成功。
		id【1300】，下载成功。
		id【1302】，下载成功。
		id【1304】，下载成功。
		id【1305】，下载成功。
		id【1308】，下载成功。
		id【1309】，下载成功。
		id【1310】，下载成功。
		id【1311】，下载成功。
		id【1315】，下载成功。
		id【1316】，下载成功。
		id【1317】，下载成功。
		id【1318】，下载成功。
		id【1321】，下载成功。
		id【1322】，下载成功。
		id【1324】，下载成功。
		id【1325】，下载成功。
		id【1326】，下载成功。
		id【1327】，下载成功。
		id【1328】，下载成功。
		id【1329】，下载成功。
		id【1330】，下载成功。
		id【1331】，下载成功。
		id【1332】，下载成功。
		id【1333】，下载成功。
		id【1334】，下载成功。
		id【1335】，下载成功。
		id【1336】，下载成功。
		id【1337】，下载成功。
		id【1338】，下载成功。
		id【1339】，下载成功。
		id【1340】，下载成功。
		id【1341】，下载成功。
		id【1342】，下载成功。
		id【1343】，下载成功。
		id【1344】，下载成功。
		id【1346】，下载成功。
		id【1347】，下载成功。
		id【1348】，下载成功。
		id【1349】，下载成功。
		id【1350】，下载成功。
		id【1351】，下载成功。
		id【1352】，下载成功。
		id【1353】，下载成功。
		id【1354】，下载成功。
		id【1355】，下载成功。
		id【1356】，下载成功。
		id【1357】，下载成功。
		id【1360】，下载成功。
		id【1362】，下载成功。
		id【1363】，下载成功。
		id【1364】，下载成功。
		id【1365】，下载成功。
		id【1366】，下载成功。
		id【1367】，下载成功。
		id【1368】，下载成功。
		id【1391】，下载成功。
		id【1398】，下载成功。
		id【1399】，下载成功。
		id【1400】，下载成功。
		id【1404】，下载成功。
		id【1405】，下载成功。
		id【1406】，下载成功。
		id【1407】，下载成功。
		id【1409】，下载成功。
		id【1410】，下载成功。
		id【1411】，下载成功。
		id【1412】，下载成功。
		id【1415】，下载成功。
		id【1416】，下载成功。
		id【1417】，下载成功。
		id【1418】，下载成功。
		id【1419】，下载成功。
		id【1420】，下载成功。
		id【1421】，下载成功。
		id【1422】，下载成功。
		id【1423】，下载成功。
		id【1427】，下载成功。
		id【1428】，下载成功。
		id【1429】，下载成功。
		id【1430】，下载成功。
		id【1431】，下载成功。
		id【1433】，下载成功。
		id【1434】，下载成功。
		id【1435】，下载成功。
		id【1438】，下载成功。
		id【1439】，下载成功。
		id【1445】，下载成功。
		id【1446】，下载成功。
		id【1447】，下载成功。
		id【1448】，下载成功。
		id【1449】，下载成功。
		id【1452】，下载成功。
		id【1453】，下载成功。
		id【1454】，下载成功。
		id【1459】，下载成功。
		id【1460】，下载成功。
		id【1463】，下载成功。
		id【1464】，下载成功。
		id【1465】，下载成功。
		id【1466】，下载成功。
		id【1467】，下载成功。
		id【1468】，下载成功。
		id【1469】，下载成功。
		id【1470】，下载成功。
		id【1471】，下载成功。
		id【1472】，下载成功。
		id【1473】，下载成功。
		id【1474】，下载成功。
		id【1477】，下载成功。
		id【1478】，下载成功。
		id【1479】，下载成功。
		id【1480】，下载成功。
		id【1482】，下载成功。
		id【1492】，下载成功。
		id【1493】，下载成功。
		id【1494】，下载成功。
		id【1498】，下载成功。
		id【1500】，下载成功。
		id【1501】，下载成功。
		id【1511】，下载成功。
		id【1512】，下载成功。
		id【1513】，下载成功。
		id【1514】，下载成功。
		id【1515】，下载成功。
		id【1516】，下载成功。
		id【1517】，下载成功。
		id【1518】，下载成功。
		id【1519】，下载成功。
		id【1520】，下载成功。
		id【1522】，下载成功。
		id【1523】，下载成功。
		id【1524】，下载成功。
		id【1527】，下载成功。
		id【1528】，下载成功。
		id【1529】，下载成功。
		id【1533】，下载成功。
		id【1536】，下载成功。
		id【1538】，下载成功。
		id【1539】，下载成功。
		id【1540】，下载成功。
		id【1541】，下载成功。
		id【1542】，下载成功。
		id【1545】，下载成功。
		id【1554】，下载成功。
		id【1556】，下载成功。
		id【1557】，下载成功。
		id【1558】，下载成功。
		id【1559】，下载成功。
		id【1560】，下载成功。
		id【1561】，下载成功。
		id【1562】，下载成功。
		id【1563】，下载成功。
		id【1564】，下载成功。
		id【1565】，下载成功。
		id【1566】，下载成功。
		id【1568】，下载成功。
		id【1569】，下载成功。
		id【1570】，下载成功。
		id【1573】，下载成功。
		id【1574】，下载成功。
		id【1575】，下载成功。
		id【1576】，下载成功。
		id【1577】，下载成功。
		id【1578】，下载成功。
		id【1579】，下载成功。
		id【1580】，下载成功。
		id【1581】，下载成功。
		id【1582】，下载成功。
		id【1583】，下载成功。
		id【1588】，下载成功。
		id【1589】，下载成功。
		id【1590】，下载成功。
		id【1592】，下载成功。
		id【1593】，下载成功。
		id【1595】，下载成功。
		id【1596】，下载成功。
		id【1597】，下载成功。
		id【1598】，下载成功。
		id【1599】，下载成功。
		id【1600】，下载成功。
		id【1601】，下载成功。
		id【1603】，下载成功。
		id【1604】，下载成功。
		id【1607】，下载成功。
		id【1609】，下载成功。
		id【1611】，下载成功。
		id【1612】，下载成功。
		id【1613】，下载成功。
		id【1614】，下载成功。
		id【1615】，下载成功。
		id【1616】，下载成功。
		id【1617】，下载成功。
		id【1618】，下载成功。
		id【1619】，下载成功。
		id【1621】，下载成功。
		id【1630】，下载成功。
		id【1631】，下载成功。
		id【1632】，下载成功。
		id【1633】，下载成功。
		id【1634】，下载成功。
		id【1635】，下载成功。
		id【1636】，下载成功。
		id【1637】，下载成功。
		id【1638】，下载成功。
		id【1639】，下载成功。
		id【1641】，下载成功。
		id【1642】，下载成功。
		id【1645】，下载成功。
		id【1646】，下载成功。
		id【1647】，下载成功。
		id【1648】，下载成功。
		id【1649】，下载成功。
		id【1650】，下载成功。
		id【1651】，下载成功。
		id【1652】，下载成功。
		id【1653】，下载成功。
		id【1654】，下载成功。
		id【1655】，下载成功。
		id【1656】，下载成功。
		id【1658】，下载成功。
		id【1659】，下载成功。
		id【1660】，下载成功。
		id【1661】，下载成功。
		id【1662】，下载成功。
		id【1663】，下载成功。
		id【1664】，下载成功。
		id【1665】，下载成功。
		id【1666】，下载成功。
		id【1667】，下载成功。
		id【1668】，下载成功。
		id【1669】，下载成功。
		id【1670】，下载成功。
		id【1671】，下载成功。
		id【1672】，下载成功。
		id【1673】，下载成功。
		id【1674】，下载成功。
		id【1675】，下载成功。
		id【1676】，下载成功。
		id【1677】，下载成功。
		id【1678】，下载成功。
		id【1679】，下载成功。
		id【1680】，下载成功。
		id【1681】，下载成功。
		id【1682】，下载成功。
		id【1683】，下载成功。
		id【1684】，下载成功。
		id【1685】，下载成功。
		id【1686】，下载成功。
		id【1687】，下载成功。
		id【1688】，下载成功。
		id【1689】，下载成功。
		id【1690】，下载成功。
		id【1691】，下载成功。
		id【1692】，下载成功。
		id【1693】，下载成功。
		id【1694】，下载成功。
		id【1695】，下载成功。
		id【1696】，下载成功。
		id【1698】，下载成功。
		id【1699】，下载成功。
		id【1700】，下载成功。
		id【1701】，下载成功。
		id【1702】，下载成功。
		id【1703】，下载成功。
		id【1704】，下载成功。
		id【1706】，下载成功。
		id【1707】，下载成功。
		id【1708】，下载成功。
		id【1709】，下载成功。
		id【1710】，下载成功。
		id【1711】，下载成功。
		id【1712】，下载成功。
		id【1713】，下载成功。
		id【1714】，下载成功。
		id【1715】，下载成功。
		id【1716】，下载成功。
		id【1717】，下载成功。
		id【1718】，下载成功。
		id【1719】，下载成功。
		id【1720】，下载成功。
		id【1721】，下载成功。
		id【1722】，下载成功。
		id【1723】，下载成功。
		id【1724】，下载成功。
		id【1725】，下载成功。
		id【1726】，下载成功。
		id【1727】，下载成功。
		id【1728】，下载成功。
		id【1729】，下载成功。
		id【1730】，下载成功。
		id【1731】，下载成功。
		id【1732】，下载成功。
		id【1733】，下载成功。
		id【1734】，下载成功。
		id【1735】，下载成功。
		id【1736】，下载成功。
		id【1737】，下载成功。
		id【1738】，下载成功。
		id【1739】，下载成功。
		id【1740】，下载成功。
		id【1741】，下载成功。
		id【1742】，下载成功。
		id【1743】，下载成功。
		id【1744】，下载成功。
		id【1745】，下载成功。
		id【1746】，下载成功。
		id【1747】，下载成功。
		id【1748】，下载成功。
		id【1749】，下载成功。
		id【1750】，下载成功。
		id【1751】，下载成功。
		id【1752】，下载成功。
		id【1754】，下载成功。
		id【1755】，下载成功。
		id【1757】，下载成功。
		id【1758】，下载成功。
		id【1760】，下载成功。
		id【1762】，下载成功。
		id【1768】，下载成功。
		id【1769】，下载成功。
		id【1770】，下载成功。
		id【1771】，下载成功。
		id【1772】，下载成功。
		id【1773】，下载成功。
		id【1774】，下载成功。
		id【1775】，下载成功。
		id【1776】，下载成功。
		id【1777】，下载成功。
		id【1778】，下载成功。
		id【1824】，下载成功。
		id【1825】，下载成功。
		id【1844】，下载成功。
		id【1870】，下载成功。
		id【1871】，下载成功。
		id【1872】，下载成功。
		id【1873】，下载成功。
		id【1874】，下载成功。
		id【1875】，下载成功。
		id【1876】，下载成功。
		id【1877】，下载成功。
		id【1878】，下载成功。
		id【1879】，下载成功。
		id【1889】，下载成功。
		id【1890】，下载成功。
		id【1891】，下载成功。
		id【1892】，下载成功。
		id【1893】，下载成功。
		id【1894】，下载成功。
		id【1895】，下载成功。
		id【1896】，下载成功。
		id【1897】，下载成功。
		id【1898】，下载成功。
		id【1899】，下载成功。
		id【1900】，下载成功。
		id【1904】，下载成功。
		id【1905】，下载成功。
		id【1981】，下载成功。
		id【1983】，下载成功。
		id【1984】，下载成功。
		id【1985】，下载成功。
		id【1998】，下载成功。
		id【2004】，下载成功。
		id【2005】，下载成功。
		id【2006】，下载成功。
		id【2011】，下载成功。
		id【2012】，下载成功。
		id【2013】，下载成功。
		id【2014】，下载成功。
		id【2015】，下载成功。
		id【2016】，下载成功。
		id【2017】，下载成功。
		id【2018】，下载成功。
		id【2019】，下载成功。
		id【2020】，下载成功。
		id【2021】，下载成功。
		id【2022】，下载成功。
		id【2023】，下载成功。
		id【2024】，下载成功。
		id【2025】，下载成功。
		id【2026】，下载成功。
		id【2027】，下载成功。
		id【2028】，下载成功。
		id【2029】，下载成功。
		id【2030】，下载成功。
		id【2031】，下载成功。
		id【2032】，下载成功。
		id【2033】，下载成功。
		id【2034】，下载成功。
		id【2035】，下载成功。
		id【2036】，下载成功。
		id【2037】，下载成功。
		id【2038】，下载成功。
		id【2039】，下载成功。
		id【2043】，下载成功。
		id【2045】，下载成功。
		id【2046】，下载成功。
		id【2047】，下载成功。
		id【2048】，下载成功。
		id【2049】，下载成功。
		id【2050】，下载成功。
		id【2051】，下载成功。
		id【2052】，下载成功。
		id【2053】，下载成功。
		id【2054】，下载成功。
		id【2055】，下载成功。
		id【2056】，下载成功。
		id【2057】，下载成功。
		id【2063】，下载成功。
		id【2064】，下载成功。
		id【2065】，下载成功。
		id【2066】，下载成功。
		id【2067】，下载成功。
		id【2068】，下载成功。
		id【2069】，下载成功。
		id【2070】，下载成功。
		id【2071】，下载成功。
		id【2072】，下载成功。
		id【2073】，下载成功。
		id【2076】，下载成功。
		id【2077】，下载成功。
		id【2082】，下载成功。
		id【2083】，下载成功。
		id【2085】，下载成功。
		id【2086】，下载成功。
		id【2095】，下载成功。
		id【2098】，下载成功。
		id【2099】，下载成功。
		id【2100】，下载成功。
		id【2101】，下载成功。
		id【2102】，下载成功。
		id【2103】，下载成功。
		id【2104】，下载成功。
		id【2105】，下载成功。
		id【2106】，下载成功。
		id【2124】，下载成功。
		id【2125】，下载成功。
		id【2126】，下载成功。
		id【2127】，下载成功。
		id【2128】，下载成功。
		id【2129】，下载成功。
		id【2130】，下载成功。
		id【2131】，下载成功。
		id【2134】，下载成功。
		id【2135】，下载成功。
		id【2136】，下载成功。
		id【2137】，下载成功。
		id【2138】，下载成功。
		id【2139】，下载成功。
		id【2140】，下载成功。
		id【2141】，下载成功。
		id【2142】，下载成功。
		id【2143】，下载成功。
		id【2144】，下载成功。
		id【2145】，下载成功。
		id【2146】，下载成功。
		id【2147】，下载成功。
		id【2148】，下载成功。
		id【2151】，下载成功。
		id【2153】，下载成功。
		id【2154】，下载成功。
		id【2155】，下载成功。
		id【2156】，下载成功。
		id【2157】，下载成功。
		id【2158】，下载成功。
		id【2159】，下载成功。
		id【2160】，下载成功。
		id【2161】，下载成功。
		id【2162】，下载成功。
		id【2163】，下载成功。
		id【2164】，下载成功。
		id【2165】，下载成功。
		id【2166】，下载成功。
		id【2167】，下载成功。
		id【2168】，下载成功。
		id【2169】，下载成功。
		id【2170】，下载成功。
		id【2171】，下载成功。
		id【2172】，下载成功。
		id【2173】，下载成功。
		id【2174】，下载成功。
		id【2175】，下载成功。
		id【2176】，下载成功。
		id【2178】，下载成功。
		id【2179】，下载成功。
		id【2180】，下载成功。
		id【2181】，下载成功。
		id【2182】，下载成功。
		id【2183】，下载成功。
		id【2185】，下载成功。
		id【2186】，下载成功。
		id【2188】，下载成功。
		id【2190】，下载成功。
		id【2191】，下载成功。
		id【2193】，下载成功。
		id【2194】，下载成功。
		id【2195】，下载成功。
		id【2198】，下载成功。
		id【2199】，下载成功。
		id【2200】，下载成功。
		id【2201】，下载成功。
		id【2202】，下载成功。
		id【2204】，下载成功。
		id【2205】，下载成功。
		id【2206】，下载成功。
		id【2209】，下载成功。
		id【2210】，下载成功。
		id【2211】，下载成功。
		id【2212】，下载成功。
		id【2213】，下载成功。
		id【2214】，下载成功。
		id【2215】，下载成功。
		id【2216】，下载成功。
		id【2217】，下载成功。
		id【2218】，下载成功。
		id【2219】，下载成功。
		id【2220】，下载成功。
		id【2221】，下载成功。
		id【2222】，下载成功。
		id【2223】，下载成功。
		id【2224】，下载成功。
		id【2225】，下载成功。
		id【2226】，下载成功。
		id【2227】，下载成功。
		id【2231】，下载成功。
		id【2232】，下载成功。
		id【2233】，下载成功。
		id【2234】，下载成功。
		id【2235】，下载成功。
		id【2236】，下载成功。
		id【2237】，下载成功。
		id【2238】，下载成功。
		id【2239】，下载成功。
		id【2240】，下载成功。
		id【2241】，下载成功。
		id【2242】，下载成功。
		id【2243】，下载成功。
		id【2244】，下载成功。
		id【2245】，下载成功。
		id【2246】，下载成功。
		id【2247】，下载成功。
		id【2250】，下载成功。
		id【2251】，下载成功。
		id【2252】，下载成功。
		id【2253】，下载成功。
		id【2254】，下载成功。
		id【2255】，下载成功。
		id【2256】，下载成功。
		id【2258】，下载成功。
		id【2259】，下载成功。
		id【2260】，下载成功。
		id【2261】，下载成功。
		id【2262】，下载成功。
		id【2263】，下载成功。
		id【2264】，下载成功。
		id【2265】，下载成功。
		id【2266】，下载成功。
		id【2267】，下载成功。
		id【2268】，下载成功。
		id【2269】，下载成功。
		id【2270】，下载成功。
		id【2271】，下载成功。
		id【2272】，下载成功。
		id【2273】，下载成功。
		id【2274】，下载成功。
		id【2275】，下载成功。
		id【2276】，下载成功。
		id【2277】，下载成功。
		id【2278】，下载成功。
		id【2279】，下载成功。
		id【2280】，下载成功。
		id【2281】，下载成功。
		id【2282】，下载成功。
		id【2283】，下载成功。
		id【2284】，下载成功。
		id【2285】，下载成功。
		id【2286】，下载成功。
		id【2287】，下载成功。
		id【2288】，下载成功。
		id【2289】，下载成功。
		id【2290】，下载成功。
		id【2291】，下载成功。
		id【2292】，下载成功。
		id【2293】，下载成功。
		id【2294】，下载成功。
		id【2295】，下载成功。
		id【2296】，下载成功。
		id【2297】，下载成功。
		id【2298】，下载成功。
		id【2299】，下载成功。
		id【2300】，下载成功。
		id【2301】，下载成功。
		id【2302】，下载成功。
		id【2303】，下载成功。
		id【2304】，下载成功。
		id【2307】，下载成功。
		id【2308】，下载成功。
		id【2309】，下载成功。
		id【2310】，下载成功。
		id【2312】，下载成功。
		id【2313】，下载成功。
		id【2315】，下载成功。
		id【2316】，下载成功。
		id【2317】，下载成功。
		id【2318】，下载成功。
		id【2319】，下载成功。
		id【2320】，下载成功。
		id【2321】，下载成功。
		id【2322】，下载成功。
		id【2323】，下载成功。
		id【2324】，下载成功。
		id【2325】，下载成功。
		id【2328】，下载成功。
		id【2329】，下载成功。
		id【2330】，下载成功。
		id【2332】，下载成功。
		id【2333】，下载成功。
		id【2334】，下载成功。
		id【2335】，下载成功。
		id【2336】，下载成功。
		id【2338】，下载成功。
		id【2339】，下载成功。
		id【2340】，下载成功。
		id【2341】，下载成功。
		id【2342】，下载成功。
		id【2343】，下载成功。
		id【2344】，下载成功。
		id【2345】，下载成功。
		id【2346】，下载成功。
		id【2347】，下载成功。
		id【2348】，下载成功。
		id【2349】，下载成功。
		id【2350】，下载成功。
		id【2351】，下载成功。
		id【2352】，下载成功。
		id【2353】，下载成功。
		id【2354】，下载成功。
		id【2355】，下载成功。
		id【2356】，下载成功。
		id【2357】，下载成功。
		id【2358】，下载成功。
		id【2359】，下载成功。
		id【2360】，下载成功。
		id【2361】，下载成功。
		id【2362】，下载成功。
		id【2363】，下载成功。
		id【2364】，下载成功。
		id【2365】，下载成功。
		id【2366】，下载成功。
		id【2367】，下载成功。
		id【2368】，下载成功。
		id【2369】，下载成功。
		id【2370】，下载成功。
		id【2371】，下载成功。
		id【2372】，下载成功。
		id【2373】，下载成功。
		id【2374】，下载成功。
		id【2375】，下载成功。
		id【2376】，下载成功。
		id【2377】，下载成功。
		id【2378】，下载成功。
		id【2379】，下载成功。
		id【2380】，下载成功。
		id【2381】，下载成功。
		id【2382】，下载成功。
		id【2383】，下载成功。
		id【2384】，下载成功。
		id【2385】，下载成功。
		id【2386】，下载成功。
		id【2387】，下载成功。
		id【2388】，下载成功。
		id【2389】，下载成功。
		id【2390】，下载成功。
		id【2391】，下载成功。
		id【2392】，下载成功。
		id【2393】，下载成功。
		id【2394】，下载成功。
		id【2395】，下载成功。
		id【2396】，下载成功。
		id【2397】，下载成功。
		id【2398】，下载成功。
		id【2399】，下载成功。
		id【2400】，下载成功。
		id【2401】，下载成功。
		id【2402】，下载成功。
		id【2403】，下载成功。
		id【2404】，下载成功。
		id【2405】，下载成功。
		id【2406】，下载成功。
		id【2407】，下载成功。
		id【2408】，下载成功。
		id【2409】，下载成功。
		id【2410】，下载成功。
		id【2411】，下载成功。
		id【2412】，下载成功。
		id【2413】，下载成功。
		id【2414】，下载成功。
		id【2415】，下载成功。
		id【2416】，下载成功。
		id【2417】，下载成功。
		id【2418】，下载成功。
		id【2419】，下载成功。
		id【2420】，下载成功。
		id【2421】，下载成功。
		id【2422】，下载成功。
		id【2423】，下载成功。
		id【2424】，下载成功。
		id【2425】，下载成功。
		id【2426】，下载成功。
		id【2427】，下载成功。
		id【2428】，下载成功。
		id【2429】，下载成功。
		id【2430】，下载成功。
		id【2431】，下载成功。
		id【2432】，下载成功。
		id【2433】，下载成功。
		id【2434】，下载成功。
		id【2435】，下载成功。
		id【2436】，下载成功。
		id【2437】，下载成功。
		id【2438】，下载成功。
		id【2439】，下载成功。
		id【2440】，下载成功。
		id【2441】，下载成功。
		id【2442】，下载成功。
		id【2443】，下载成功。
		id【2444】，下载成功。
		id【2445】，下载成功。
		id【2446】，下载成功。
		id【2447】，下载成功。
		id【2448】，下载成功。
		id【2449】，下载成功。
		id【2450】，下载成功。
		id【2451】，下载成功。
		id【2452】，下载成功。
		id【2453】，下载成功。
		id【2454】，下载成功。
		id【2455】，下载成功。
		id【2456】，下载成功。
		id【2457】，下载成功。
		id【2458】，下载成功。
		id【2459】，下载成功。
		id【2460】，下载成功。
		id【2461】，下载成功。
		id【2462】，下载成功。
		id【2463】，下载成功。
		id【2464】，下载成功。
		id【2465】，下载成功。
		id【2466】，下载成功。
		id【2467】，下载成功。
		id【2468】，下载成功。
		id【2469】，下载成功。
		id【2470】，下载成功。
		id【2471】，下载成功。
		id【2472】，下载成功。
		id【2473】，下载成功。
		id【2474】，下载成功。
		id【2475】，下载成功。
		id【2476】，下载成功。
		id【2477】，下载成功。
		id【2478】，下载成功。
		id【2479】，下载成功。
		id【2480】，下载成功。
		id【2481】，下载成功。
		id【2482】，下载成功。
		id【2483】，下载成功。
		id【2484】，下载成功。
		id【2485】，下载成功。
		id【2486】，下载成功。
		id【2487】，下载成功。
		id【2488】，下载成功。
		id【2489】，下载成功。
		id【2490】，下载成功。
		id【2491】，下载成功。
		id【2492】，下载成功。
		id【2493】，下载成功。
		id【2494】，下载成功。
		id【2495】，下载成功。
		id【2496】，下载成功。
		id【2497】，下载成功。
		id【2498】，下载成功。
		id【2499】，下载成功。
		id【2500】，下载成功。
		id【2501】，下载成功。
		id【2502】，下载成功。
		id【2503】，下载成功。
		id【2504】，下载成功。
		id【2505】，下载成功。
		id【2506】，下载成功。
		id【2507】，下载成功。
		id【2508】，下载成功。
		id【2509】，下载成功。
		id【2510】，下载成功。
		id【2511】，下载成功。
		id【2512】，下载成功。
		id【2513】，下载成功。
		id【2514】，下载成功。
		id【2515】，下载成功。
		id【2516】，下载成功。
		id【2517】，下载成功。
		id【2518】，下载成功。
		id【2519】，下载成功。
		id【2520】，下载成功。
		id【2521】，下载成功。
		id【2522】，下载成功。
		id【2523】，下载成功。
		id【2524】，下载成功。
		id【2525】，下载成功。
		id【2526】，下载成功。
		id【2527】，下载成功。
		id【2528】，下载成功。
		id【2529】，下载成功。
		id【2530】，下载成功。
		id【2531】，下载成功。
		id【2532】，下载成功。
		id【2533】，下载成功。
		id【2534】，下载成功。
		id【2535】，下载成功。
		id【2536】，下载成功。
		id【2537】，下载成功。
		id【2538】，下载成功。
		id【2539】，下载成功。
		id【2540】，下载成功。
		id【2541】，下载成功。
		id【2542】，下载成功。
		id【2543】，下载成功。
		id【2544】，下载成功。
		id【2545】，下载成功。
		id【2546】，下载成功。
		id【2547】，下载成功。
		id【2548】，下载成功。
		id【2549】，下载成功。
		id【2550】，下载成功。
		id【2551】，下载成功。
		id【2552】，下载成功。
		id【2553】，下载成功。
		id【2554】，下载成功。
		id【2555】，下载成功。
		id【2556】，下载成功。
		id【2557】，下载成功。
		id【2558】，下载成功。
		id【2559】，下载成功。
		id【2560】，下载成功。
		id【2561】，下载成功。
		id【2562】，下载成功。
		id【2563】，下载成功。
		id【2564】，下载成功。
		id【2565】，下载成功。
		id【2566】，下载成功。
		id【2567】，下载成功。
		id【2568】，下载成功。
		id【2569】，下载成功。
		id【2570】，下载成功。
		id【2571】，下载成功。
		id【2572】，下载成功。
		id【2573】，下载成功。
		id【2574】，下载成功。
		id【2575】，下载成功。
		id【2576】，下载成功。
		id【2577】，下载成功。
		id【2578】，下载成功。
		id【2579】，下载成功。
		id【2580】，下载成功。
		id【2581】，下载成功。
		id【2582】，下载成功。
		id【2583】，下载成功。
		id【2584】，下载成功。
		id【2585】，下载成功。
		id【2586】，下载成功。
		id【2587】，下载成功。
		id【2588】，下载成功。
		id【2589】，下载成功。
		id【2590】，下载成功。
		id【2591】，下载成功。
		id【2592】，下载成功。
		id【2593】，下载成功。
		id【2594】，下载成功。
		id【2595】，下载成功。
		id【2596】，下载成功。
		id【2597】，下载成功。
		id【2598】，下载成功。
		id【2599】，下载成功。
		id【2600】，下载成功。
		id【2601】，下载成功。
		id【2602】，下载成功。
		id【2603】，下载成功。
		id【2604】，下载成功。
		id【2605】，下载成功。
		id【2606】，下载成功。
		id【2607】，下载成功。
		id【2608】，下载成功。
		id【2609】，下载成功。
		id【2610】，下载成功。
		id【2611】，下载成功。
		id【2612】，下载成功。
		id【2613】，下载成功。
		id【2614】，下载成功。
		id【2615】，下载成功。
		id【2616】，下载成功。
		id【2617】，下载成功。
		id【2618】，下载成功。
		id【2619】，下载成功。
		id【2620】，下载成功。
		id【2621】，下载成功。
		id【2622】，下载成功。
		id【2623】，下载成功。
		id【2624】，下载成功。
		id【2625】，下载成功。
		id【2626】，下载成功。
		id【2627】，下载成功。
		id【2628】，下载成功。
		id【2629】，下载成功。
		id【2630】，下载成功。
		id【2631】，下载成功。
		id【2632】，下载成功。
		id【2633】，下载成功。
		id【2634】，下载成功。
		id【2635】，下载成功。
		id【2636】，下载成功。
		id【2637】，下载成功。
		id【2638】，下载成功。
		id【2639】，下载成功。
		id【2640】，下载成功。
		id【2641】，下载成功。
		id【2642】，下载成功。
		id【2643】，下载成功。
		id【2644】，下载成功。
		id【2645】，下载成功。
		id【2646】，下载成功。
		id【2647】，下载成功。
		id【2648】，下载成功。
		id【2649】，下载成功。
		id【2650】，下载成功。
		id【2651】，下载成功。
		id【2652】，下载成功。
		id【2653】，下载成功。
		id【2654】，下载成功。
		id【2655】，下载成功。
		id【2656】，下载成功。
		id【2657】，下载成功。
		id【2658】，下载成功。
		id【2659】，下载成功。
		id【2660】，下载成功。
		id【2661】，下载成功。
		id【2664】，下载成功。
		id【2665】，下载成功。
		id【2666】，下载成功。
		id【2667】，下载成功。
		id【2668】，下载成功。
		id【2669】，下载成功。
		id【2670】，下载成功。
		id【2671】，下载成功。
		id【2672】，下载成功。
		id【2673】，下载成功。
		id【2674】，下载成功。
		id【2675】，下载成功。
		id【2676】，下载成功。
		id【2677】，下载成功。
		id【2678】，下载成功。
		id【2679】，下载成功。
		id【2680】，下载成功。
		id【2681】，下载成功。
		id【2682】，下载成功。
		id【2683】，下载成功。
		id【2684】，下载成功。
		id【2685】，下载成功。
		id【2686】，下载成功。
		id【2687】，下载成功。
		id【2688】，下载成功。
		id【2689】，下载成功。
		id【2690】，下载成功。
		id【2691】，下载成功。
		id【2692】，下载成功。
		id【2693】，下载成功。
		id【2694】，下载成功。
		id【2695】，下载成功。
		id【2696】，下载成功。
		id【2697】，下载成功。
		id【2698】，下载成功。
		id【2699】，下载成功。
		id【2700】，下载成功。
		id【2701】，下载成功。
		id【2702】，下载成功。
		id【2703】，下载成功。
		id【2704】，下载成功。
		id【2705】，下载成功。
		id【2706】，下载成功。
		id【2707】，下载成功。
		id【2708】，下载成功。
		id【2709】，下载成功。
		id【2710】，下载成功。
		id【2711】，下载成功。
		id【2712】，下载成功。
		id【2713】，下载成功。
		id【2714】，下载成功。
		id【2715】，下载成功。
		id【2716】，下载成功。
		id【2717】，下载成功。
		id【2718】，下载成功。
		id【2719】，下载成功。
		id【2720】，下载成功。
		id【2721】，下载成功。
		id【2722】，下载成功。
		id【2723】，下载成功。
		id【2724】，下载成功。
		id【2725】，下载成功。
		id【2726】，下载成功。
		id【2727】，下载成功。
		id【2728】，下载成功。
		id【2729】，下载成功。
		id【2730】，下载成功。
		id【2731】，下载成功。
		id【2732】，下载成功。
		id【2733】，下载成功。
		id【2734】，下载成功。
		id【2735】，下载成功。
		id【2736】，下载成功。
		id【2737】，下载成功。
		id【2738】，下载成功。
		id【2739】，下载成功。
		id【2740】，下载成功。
		id【2741】，下载成功。
		id【2742】，下载成功。
		id【2743】，下载成功。
		id【2744】，下载成功。
		id【2745】，下载成功。
		id【2746】，下载成功。
		id【2747】，下载成功。
		id【2748】，下载成功。
		id【2749】，下载成功。
		id【2750】，下载成功。
		id【2751】，下载成功。
		id【2752】，下载成功。
		id【2753】，下载成功。
		id【2754】，下载成功。
		id【2755】，下载成功。
		id【2756】，下载成功。
		id【2757】，下载成功。
		id【2758】，下载成功。
		id【2759】，下载成功。
		id【2760】，下载成功。
		id【2762】，下载成功。
		id【2763】，下载成功。
		id【2764】，下载成功。
		id【2765】，下载成功。
		id【2766】，下载成功。
		id【2767】，下载成功。
		id【2768】，下载成功。
		id【2769】，下载成功。
		id【2770】，下载成功。
		id【2771】，下载成功。
		id【2772】，下载成功。
		id【2773】，下载成功。
		id【2774】，下载成功。
		id【2775】，下载成功。
		id【2776】，下载成功。
		id【2777】，下载成功。
		id【2778】，下载成功。
		id【2779】，下载成功。
		id【2780】，下载成功。
		id【2781】，下载成功。
		id【2782】，下载成功。
		id【2783】，下载成功。
		id【2784】，下载成功。
		id【2785】，下载成功。
		id【2786】，下载成功。
		id【2787】，下载成功。
		id【2788】，下载成功。
		id【2789】，下载成功。
		id【2790】，下载成功。
		id【2791】，下载成功。
		id【2792】，下载成功。
		id【2793】，下载成功。
		id【2794】，下载成功。
		id【2795】，下载成功。
		id【2796】，下载成功。
		id【2797】，下载成功。
		id【2798】，下载成功。
		id【2799】，下载成功。
		id【2800】，下载成功。
		id【2801】，下载成功。
		id【2802】，下载成功。
		id【2803】，下载成功。
		id【2804】，下载成功。
		id【2805】，下载成功。
		id【2806】，下载成功。
		id【2807】，下载成功。
		id【2808】，下载成功。
		id【2809】，下载成功。
		id【2810】，下载成功。
		id【2811】，下载成功。
		id【2812】，下载成功。
		id【2813】，下载成功。
		id【2814】，下载成功。
		id【2815】，下载成功。
		id【2816】，下载成功。
		id【2817】，下载成功。
		id【2818】，下载成功。
		id【2819】，下载成功。
		id【2820】，下载成功。
		id【2821】，下载成功。
		id【2822】，下载成功。
		id【2823】，下载成功。
		id【2824】，下载成功。
		id【2825】，下载成功。
		id【2826】，下载成功。
		id【2827】，下载成功。
		id【2828】，下载成功。
		id【2829】，下载成功。
		id【2830】，下载成功。
		id【2831】，下载成功。
		id【2832】，下载成功。
		id【2833】，下载成功。
		id【2834】，下载成功。
		id【2835】，下载成功。
		id【2836】，下载成功。
		id【2837】，下载成功。
		id【2838】，下载成功。
		id【2839】，下载成功。
		id【2840】，下载成功。
		id【2841】，下载成功。
		id【2842】，下载成功。
		id【2843】，下载成功。
		id【2844】，下载成功。
		id【2845】，下载成功。
		id【2846】，下载成功。
		id【2847】，下载成功。
		id【2848】，下载成功。
		id【2849】，下载成功。
		id【2850】，下载成功。
		id【2851】，下载成功。
		id【2852】，下载成功。
		id【2853】，下载成功。
		id【2854】，下载成功。
		id【2855】，下载成功。
		id【2856】，下载成功。
		id【2857】，下载成功。
		id【2858】，下载成功。
		id【2859】，下载成功。
		id【2860】，下载成功。
		id【2861】，下载成功。
		id【2862】，下载成功。
		id【2863】，下载成功。
		id【2864】，下载成功。
		id【2865】，下载成功。
		id【2866】，下载成功。
		id【2867】，下载成功。
		id【2868】，下载成功。
		id【2869】，下载成功。
		id【2870】，下载成功。
		id【2871】，下载成功。
		id【2872】，下载成功。
		id【2873】，下载成功。
		id【2874】，下载成功。
		id【2875】，下载成功。
		id【2876】，下载成功。
		id【2877】，下载成功。
		id【2878】，下载成功。
		id【2879】，下载成功。
		id【2880】，下载成功。
		id【2881】，下载成功。
		id【2882】，下载成功。
		id【2883】，下载成功。
		id【2884】，下载成功。
		id【2885】，下载成功。
		id【2886】，下载成功。
		id【2887】，下载成功。
		id【2888】，下载成功。
		id【2889】，下载成功。
		id【2890】，下载成功。
		id【2891】，下载成功。
		id【2892】，下载成功。
		id【2893】，下载成功。
		id【2894】，下载成功。
		id【2895】，下载成功。
		id【2896】，下载成功。
		id【2897】，下载成功。
		id【2898】，下载成功。
		id【2899】，下载成功。
		id【2900】，下载成功。
		id【2901】，下载成功。
		id【2902】，下载成功。
		id【2903】，下载成功。
		id【2904】，下载成功。
		id【2905】，下载成功。
		id【2906】，下载成功。
		id【2907】，下载成功。
		id【2908】，下载成功。
		id【2909】，下载成功。
		id【2910】，下载成功。
		id【2911】，下载成功。
		id【2912】，下载成功。
		id【2913】，下载成功。
		id【2914】，下载成功。
		id【2915】，下载成功。
		id【2916】，下载成功。
		id【2917】，下载成功。
		id【2918】，下载成功。
		id【2919】，下载成功。
		id【2920】，下载成功。
		id【2922】，下载成功。
		id【2923】，下载成功。
		id【2924】，下载成功。
		id【2925】，下载成功。
		id【2926】，下载成功。
		id【2927】，下载成功。
		id【2928】，下载成功。
		id【2929】，下载成功。
		id【2931】，下载成功。
		id【2932】，下载成功。
		id【2933】，下载成功。
		id【2934】，下载成功。
		id【2935】，下载成功。
		id【2936】，下载成功。
		id【2937】，下载成功。
		id【2938】，下载成功。
		id【2939】，下载成功。
		id【2940】，下载成功。
		id【2941】，下载成功。
		id【2942】，下载成功。
		id【2943】，下载成功。
		id【2944】，下载成功。
		id【2945】，下载成功。
		id【2946】，下载成功。
		id【2947】，下载成功。
		id【2948】，下载成功。
		id【2949】，下载成功。
		id【2950】，下载成功。
		id【2951】，下载成功。
		id【2952】，下载成功。
		id【2953】，下载成功。
		id【2954】，下载成功。
		id【2955】，下载成功。
		id【2956】，下载成功。
		id【2957】，下载成功。
		id【2958】，下载成功。
		id【2959】，下载成功。
		id【2960】，下载成功。
		id【2961】，下载成功。
		id【2962】，下载成功。
		id【2963】，下载成功。
		id【2964】，下载成功。
		id【2965】，下载成功。
		id【2966】，下载成功。
		id【2967】，下载成功。
		id【2968】，下载成功。
		id【2969】，下载成功。
		id【2970】，下载成功。
		id【2971】，下载成功。
		id【2972】，下载成功。
		id【2973】，下载成功。
		id【2974】，下载成功。
		id【2975】，下载成功。
		id【2976】，下载成功。
		id【2977】，下载成功。
		id【2978】，下载成功。
		id【2979】，下载成功。
		id【2980】，下载成功。
		id【2981】，下载成功。
		id【2982】，下载成功。
		id【2983】，下载成功。
		id【2984】，下载成功。
		id【2985】，下载成功。
		id【2986】，下载成功。
		id【2987】，下载成功。
		id【2988】，下载成功。
		id【2989】，下载成功。
		id【2990】，下载成功。
		id【2991】，下载成功。
		id【2992】，下载成功。
		id【2993】，下载成功。
		id【2994】，下载成功。
		id【2995】，下载成功。
		id【2996】，下载成功。
		id【2997】，下载成功。
		id【2998】，下载成功。
		id【2999】，下载成功。
		id【3000】，下载成功。
		id【3001】，下载成功。
		id【3002】，下载成功。
		id【3003】，下载成功。
		id【3004】，下载成功。
		id【3005】，下载成功。
		id【3006】，下载成功。
		id【3007】，下载成功。
		id【3008】，下载成功。
		id【3009】，下载成功。
		id【3010】，下载成功。
		id【3011】，下载成功。
		id【3012】，下载成功。
		id【3013】，下载成功。
		id【3014】，下载成功。
		id【3015】，下载成功。
		id【3016】，下载成功。
		id【3017】，下载成功。
		id【3018】，下载成功。
		id【3019】，下载成功。
		id【3020】，下载成功。
		id【3021】，下载成功。
		id【3022】，下载成功。
		id【3023】，下载成功。
		id【3024】，下载成功。
		id【3025】，下载成功。
		id【3026】，下载成功。
		id【3027】，下载成功。
		id【3028】，下载成功。
		id【3029】，下载成功。
		id【3030】，下载成功。
		id【3031】，下载成功。
		id【3032】，下载成功。
		id【3033】，下载成功。
		id【3034】，下载成功。
		id【3035】，下载成功。
		id【3036】，下载成功。
		id【3037】，下载成功。
		id【3038】，下载成功。
		id【3039】，下载成功。
		id【3040】，下载成功。
		id【3041】，下载成功。
		id【3042】，下载成功。
		id【3043】，下载成功。
		id【3044】，下载成功。
		id【3045】，下载成功。
		id【3046】，下载成功。
		id【3047】，下载成功。
		id【3048】，下载成功。
		id【3049】，下载成功。
		id【3050】，下载成功。
		id【3051】，下载成功。
		id【3052】，下载成功。
		id【3053】，下载成功。
		id【3054】，下载成功。
		id【3055】，下载成功。
		id【3056】，下载成功。
		id【3057】，下载成功。
		id【3058】，下载成功。
		id【3060】，下载成功。
		id【3061】，下载成功。
		id【3062】，下载成功。
		id【3063】，下载成功。
		id【3064】，下载成功。
		id【3065】，下载成功。
		id【3066】，下载成功。
		id【3067】，下载成功。
		id【3068】，下载成功。
		id【3069】，下载成功。
		id【3070】，下载成功。
		id【3071】，下载成功。
		id【3072】，下载成功。
		id【3073】，下载成功。
		id【3074】，下载成功。
		id【3075】，下载成功。
		id【3076】，下载成功。
		id【3077】，下载成功。
		id【3078】，下载成功。
		id【3079】，下载成功。
		id【3080】，下载成功。
		id【3081】，下载成功。
		id【3082】，下载成功。
		id【3083】，下载成功。
		id【3084】，下载成功。
		id【3085】，下载成功。
		id【3086】，下载成功。
		id【3087】，下载成功。
		id【3088】，下载成功。
		id【3089】，下载成功。
		id【3090】，下载成功。
		id【3091】，下载成功。
		id【3092】，下载成功。
		id【3093】，下载成功。
		id【3094】，下载成功。
		id【3095】，下载成功。
		id【3096】，下载成功。
		id【3097】，下载成功。
		id【3098】，下载成功。
		id【3099】，下载成功。
		id【3100】，下载成功。
		id【3101】，下载成功。
		id【3102】，下载成功。
		id【3103】，下载成功。
		id【3104】，下载成功。
		id【3105】，下载成功。
		id【3106】，下载成功。
		id【3107】，下载成功。
		id【3108】，下载成功。
		id【3109】，下载成功。
		id【3110】，下载成功。
		id【3111】，下载成功。
		id【3112】，下载成功。
		id【3113】，下载成功。
		id【3114】，下载成功。
		id【3115】，下载成功。
		id【3116】，下载成功。
		id【3117】，下载成功。
		id【3118】，下载成功。
		id【3119】，下载成功。
		id【3120】，下载成功。
		id【3121】，下载成功。
		id【3122】，下载成功。
		id【3123】，下载成功。
		id【3124】，下载成功。
		id【3125】，下载成功。
		id【3126】，下载成功。
		id【3127】，下载成功。
		id【3128】，下载成功。
		id【3129】，下载成功。
		id【3130】，下载成功。
		id【3131】，下载成功。
		id【3132】，下载成功。
		id【3133】，下载成功。
		id【3134】，下载成功。
		id【3135】，下载成功。
		id【3136】，下载成功。
		id【3137】，下载成功。
		id【3138】，下载成功。
		id【3139】，下载成功。
		id【3140】，下载成功。
		id【3141】，下载成功。
		id【3142】，下载成功。
		id【3143】，下载成功。
		id【3144】，下载成功。
		id【3145】，下载成功。
		id【3146】，下载成功。
		id【3147】，下载成功。
		id【3148】，下载成功。
		id【3149】，下载成功。
		id【3150】，下载成功。
		id【3151】，下载成功。
		id【3152】，下载成功。
		id【3153】，下载成功。
		id【3154】，下载成功。
		id【3155】，下载成功。
		id【3156】，下载成功。
		id【3157】，下载成功。
		id【3158】，下载成功。
		id【3159】，下载成功。
		id【3160】，下载成功。
		id【3161】，下载成功。
		id【3162】，下载成功。
		id【3163】，下载成功。
		id【3164】，下载成功。
		id【3165】，下载成功。
		id【3166】，下载成功。
		id【3167】，下载成功。
		id【3168】，下载成功。
		id【3169】，下载成功。
		id【3170】，下载成功。
		id【3171】，下载成功。
		id【3172】，下载成功。
		id【3173】，下载成功。
		id【3174】，下载成功。
		id【3175】，下载成功。
		id【3176】，下载成功。
		id【3177】，下载成功。
		id【3178】，下载成功。
		id【3179】，下载成功。
		id【3180】，下载成功。
		id【3181】，下载成功。
		id【3182】，下载成功。
		id【3183】，下载成功。
		id【3184】，下载成功。
		id【3185】，下载成功。
		id【3186】，下载成功。
		id【3187】，下载成功。
		id【3188】，下载成功。
		id【3189】，下载成功。
		id【3190】，下载成功。
		id【3191】，下载成功。
		id【3192】，下载成功。
		id【3193】，下载成功。
		id【3194】，下载成功。
		id【3195】，下载成功。
		id【3196】，下载成功。
		id【3197】，下载成功。
		id【3198】，下载成功。
		id【3199】，下载成功。
		id【3200】，下载成功。
		id【3201】，下载成功。
		id【3202】，下载成功。
		id【3203】，下载成功。
		id【3204】，下载成功。
		id【3205】，下载成功。
		id【3206】，下载成功。
		id【3207】，下载成功。
		id【3208】，下载成功。
		id【3209】，下载成功。
		id【3210】，下载成功。
		id【3211】，下载成功。
		id【3212】，下载成功。
		id【3213】，下载成功。
		id【3214】，下载成功。
		id【3215】，下载成功。
		id【3216】，下载成功。
		id【3217】，下载成功。
		id【3218】，下载成功。
		id【3219】，下载成功。
		id【3220】，下载成功。
		id【3221】，下载成功。
		id【3222】，下载成功。
		id【3223】，下载成功。
		id【3224】，下载成功。
		id【3225】，下载成功。
		id【3226】，下载成功。
		id【3227】，下载成功。
		id【3228】，下载成功。
		id【3229】，下载成功。
		id【3230】，下载成功。
		id【3231】，下载成功。
		id【3232】，下载成功。
		id【3233】，下载成功。
		id【3234】，下载成功。
		id【3235】，下载成功。
		id【3236】，下载成功。
		id【3237】，下载成功。
		id【3238】，下载成功。
		id【3239】，下载成功。
		id【3240】，下载成功。
		id【3241】，下载成功。
		id【3242】，下载成功。
		id【3243】，下载成功。
		id【3244】，下载成功。
		id【3245】，下载成功。
		id【3246】，下载成功。
		id【3247】，下载成功。
		id【3248】，下载成功。
		id【3249】，下载成功。
		id【3250】，下载成功。
		id【3251】，下载成功。
		id【3252】，下载成功。
		id【3253】，下载成功。
		id【3254】，下载成功。
		id【3255】，下载成功。
		id【3256】，下载成功。
		id【3257】，下载成功。
		id【3258】，下载成功。
		id【3259】，下载成功。
		id【3260】，下载成功。
		id【3261】，下载成功。
		id【3262】，下载成功。
		id【3263】，下载成功。
		id【3264】，下载成功。
		id【3265】，下载成功。
		id【3266】，下载成功。
		id【3267】，下载成功。
		id【3268】，下载成功。
		id【3269】，下载成功。
		id【3270】，下载成功。
		id【3271】，下载成功。
		id【3272】，下载成功。
		id【3273】，下载成功。
		id【3274】，下载成功。
		id【3275】，下载成功。
		id【3276】，下载成功。
		id【3277】，下载成功。
		id【3278】，下载成功。
		id【3279】，下载成功。
		id【3280】，下载成功。
		id【3281】，下载成功。
		id【3282】，下载成功。
		id【3283】，下载成功。
		id【3284】，下载成功。
		id【3285】，下载成功。
		id【3286】，下载成功。
		id【3287】，下载成功。
		id【3288】，下载成功。
		id【3289】，下载成功。
		id【3290】，下载成功。
		id【3291】，下载成功。
		id【3292】，下载成功。
		id【3293】，下载成功。
		id【3294】，下载成功。
		id【3295】，下载成功。
		id【3296】，下载成功。
		id【3297】，下载成功。
		id【3298】，下载成功。
		id【3299】，下载成功。
		id【3300】，下载成功。
		id【3301】，下载成功。
		id【3303】，下载成功。
		id【3304】，下载成功。
		id【3305】，下载成功。
	获取【误识别的垃圾邮件】队列
		查询到【668】条数据
		id【2】，下载成功。
		id【4】，下载成功。
		id【5】，下载成功。
		id【16】，下载成功。
		id【20】，下载成功。
		id【21】，下载成功。
		id【46】，下载成功。
		id【47】，下载成功。
		id【48】，下载成功。
		id【49】，下载成功。
		id【50】，下载成功。
		id【51】，下载成功。
		id【52】，下载成功。
		id【53】，下载成功。
		id【54】，下载成功。
		id【55】，下载成功。
		id【56】，下载成功。
		id【57】，下载成功。
		id【58】，下载成功。
		id【59】，下载成功。
		id【60】，下载成功。
		id【61】，下载成功。
		id【62】，下载成功。
		id【63】，下载成功。
		id【64】，下载成功。
		id【68】，下载成功。
		id【75】，下载成功。
		id【76】，下载成功。
		id【77】，下载成功。
		id【79】，下载成功。
		id【80】，下载成功。
		id【81】，下载成功。
		id【83】，下载成功。
		id【84】，下载成功。
		id【85】，下载成功。
		id【91】，下载成功。
		id【93】，下载成功。
		id【94】，下载成功。
		id【95】，下载成功。
		id【96】，下载成功。
		id【97】，下载成功。
		id【98】，下载成功。
		id【99】，下载成功。
		id【100】，下载成功。
		id【101】，下载成功。
		id【102】，下载成功。
		id【103】，下载成功。
		id【105】，下载成功。
		id【106】，下载成功。
		id【112】，下载成功。
		id【113】，下载成功。
		id【114】，下载成功。
		id【115】，下载成功。
		id【116】，下载成功。
		id【117】，下载成功。
		id【120】，下载成功。
		id【121】，下载成功。
		id【123】，下载成功。
		id【124】，下载成功。
		id【128】，下载成功。
		id【148】，下载成功。
		id【175】，下载成功。
		id【176】，下载成功。
		id【177】，下载成功。
		id【178】，下载成功。
		id【179】，下载成功。
		id【180】，下载成功。
		id【181】，下载成功。
		id【185】，下载成功。
		id【187】，下载成功。
		id【188】，下载成功。
		id【189】，下载成功。
		id【192】，下载成功。
		id【193】，下载成功。
		id【194】，下载成功。
		id【195】，下载成功。
		id【227】，下载成功。
		id【228】，下载成功。
		id【229】，下载成功。
		id【237】，下载成功。
		id【1004】，下载成功。
		id【1003】，下载成功。
		id【1002】，下载成功。
		id【250】，下载成功。
		id【259】，下载成功。
		id【347】，下载成功。
		id【348】，下载成功。
		id【349】，下载成功。
		id【350】，下载成功。
		id【351】，下载成功。
		id【1000】，下载成功。
		id【999】，下载成功。
		id【369】，下载成功。
		id【370】，下载成功。
		id【371】，下载成功。
		id【372】，下载成功。
		id【373】，下载成功。
		id【374】，下载成功。
		id【377】，下载成功。
		id【378】，下载成功。
		id【380】，下载成功。
		id【385】，下载成功。
		id【990】，下载成功。
		id【392】，下载成功。
		id【394】，下载成功。
		id【395】，下载成功。
		id【401】，下载成功。
		id【402】，下载成功。
		id【403】，下载成功。
		id【407】，下载成功。
		id【409】，下载成功。
		id【437】，下载成功。
		id【438】，下载成功。
		id【439】，下载成功。
		id【440】，下载成功。
		id【441】，下载成功。
		id【989】，下载成功。
		id【450】，下载成功。
		id【451】，下载成功。
		id【453】，下载成功。
		id【454】，下载成功。
		id【464】，下载成功。
		id【465】，下载成功。
		id【466】，下载成功。
		id【467】，下载成功。
		id【468】，下载成功。
		id【469】，下载成功。
		id【470】，下载成功。
		id【471】，下载成功。
		id【476】，下载成功。
		id【477】，下载成功。
		id【478】，下载成功。
		id【482】，下载成功。
		id【487】，下载成功。
		id【488】，下载成功。
		id【491】，下载成功。
		id【492】，下载成功。
		id【493】，下载成功。
		id【494】，下载成功。
		id【499】，下载成功。
		id【500】，下载成功。
		id【501】，下载成功。
		id【502】，下载成功。
		id【503】，下载成功。
		id【504】，下载成功。
		id【551】，下载成功。
		id【552】，下载成功。
		id【562】，下载成功。
		id【570】，下载成功。
		id【666】，下载成功。
		id【667】，下载成功。
		id【670】，下载成功。
		id【677】，下载成功。
		id【709】，下载成功。
		id【710】，下载成功。
		id【763】，下载成功。
		id【764】，下载成功。
		id【785】，下载成功。
		id【786】，下载成功。
		id【787】，下载成功。
		id【788】，下载成功。
		id【789】，下载成功。
		id【790】，下载成功。
		id【791】，下载成功。
		id【792】，下载成功。
		id【793】，下载成功。
		id【794】，下载成功。
		id【795】，下载成功。
		id【796】，下载成功。
		id【797】，下载成功。
		id【798】，下载成功。
		id【811】，下载成功。
		id【812】，下载成功。
		id【813】，下载成功。
		id【814】，下载成功。
		id【815】，下载成功。
		id【821】，下载成功。
		id【822】，下载成功。
		id【833】，下载成功。
		id【834】，下载成功。
		id【839】，下载成功。
		id【840】，下载成功。
		id【858】，下载成功。
		id【869】，下载成功。
		id【870】，下载成功。
		id【871】，下载成功。
		id【872】，下载成功。
		id【873】，下载成功。
		id【875】，下载成功。
		id【889】，下载成功。
		id【890】，下载成功。
		id【892】，下载成功。
		id【893】，下载成功。
		id【899】，下载成功。
		id【900】，下载成功。
		id【902】，下载成功。
		id【903】，下载成功。
		id【904】，下载成功。
		id【906】，下载成功。
		id【907】，下载成功。
		id【908】，下载成功。
		id【911】，下载成功。
		id【912】，下载成功。
		id【913】，下载成功。
		id【917】，下载成功。
		id【918】，下载成功。
		id【919】，下载成功。
		id【920】，下载成功。
		id【921】，下载成功。
		id【922】，下载成功。
		id【923】，下载成功。
		id【976】，下载成功。
		id【977】，下载成功。
		id【978】，下载成功。
		id【979】，下载成功。
		id【980】，下载成功。
		id【983】，下载成功。
		id【984】，下载成功。
		id【988】，下载成功。
		id【1041】，下载成功。
		id【1044】，下载成功。
		id【1046】，下载成功。
		id【1047】，下载成功。
		id【1048】，下载成功。
		id【1077】，下载成功。
		id【1078】，下载成功。
		id【1082】，下载成功。
		id【1083】，下载成功。
		id【1084】，下载成功。
		id【1085】，下载成功。
		id【1086】，下载成功。
		id【1087】，下载成功。
		id【1088】，下载成功。
		id【1089】，下载成功。
		id【1090】，下载成功。
		id【1091】，下载成功。
		id【1103】，下载成功。
		id【1114】，下载成功。
		id【1115】，下载成功。
		id【1132】，下载成功。
		id【1134】，下载成功。
		id【1145】，下载成功。
		id【1146】，下载成功。
		id【1147】，下载成功。
		id【1148】，下载成功。
		id【1149】，下载成功。
		id【1151】，下载成功。
		id【1156】，下载成功。
		id【1157】，下载成功。
		id【1159】，下载成功。
		id【1160】，下载成功。
		id【1162】，下载成功。
		id【1202】，下载成功。
		id【1203】，下载成功。
		id【1206】，下载成功。
		id【1207】，下载成功。
		id【1208】，下载成功。
		id【1209】，下载成功。
		id【1226】，下载成功。
		id【1233】，下载成功。
		id【1236】，下载成功。
		id【1238】，下载成功。
		id【1263】，下载成功。
		id【1275】，下载成功。
		id【1276】，下载成功。
		id【1277】，下载成功。
		id【1306】，下载成功。
		id【1307】，下载成功。
		id【1312】，下载成功。
		id【1313】，下载成功。
		id【1314】，下载成功。
		id【1319】，下载成功。
		id【1320】，下载成功。
		id【1323】，下载成功。
		id【1359】，下载成功。
		id【1361】，下载成功。
		id【1369】，下载成功。
		id【1370】，下载成功。
		id【1371】，下载成功。
		id【1372】，下载成功。
		id【1373】，下载成功。
		id【1374】，下载成功。
		id【1375】，下载成功。
		id【1376】，下载成功。
		id【1377】，下载成功。
		id【1378】，下载成功。
		id【1379】，下载成功。
		id【1380】，下载成功。
		id【1381】，下载成功。
		id【1382】，下载成功。
		id【1383】，下载成功。
		id【1384】，下载成功。
		id【1385】，下载成功。
		id【1386】，下载成功。
		id【1387】，下载成功。
		id【1388】，下载成功。
		id【1389】，下载成功。
		id【1390】，下载成功。
		id【1392】，下载成功。
		id【1393】，下载成功。
		id【1394】，下载成功。
		id【1395】，下载成功。
		id【1396】，下载成功。
		id【1397】，下载成功。
		id【1401】，下载成功。
		id【1402】，下载成功。
		id【1403】，下载成功。
		id【1408】，下载成功。
		id【1413】，下载成功。
		id【1414】，下载成功。
		id【1424】，下载成功。
		id【1425】，下载成功。
		id【1426】，下载成功。
		id【1432】，下载成功。
		id【1436】，下载成功。
		id【1437】，下载成功。
		id【1440】，下载成功。
		id【1441】，下载成功。
		id【1442】，下载成功。
		id【1443】，下载成功。
		id【1444】，下载成功。
		id【1455】，下载成功。
		id【1456】，下载成功。
		id【1457】，下载成功。
		id【1458】，下载成功。
		id【1461】，下载成功。
		id【1462】，下载成功。
		id【1475】，下载成功。
		id【1476】，下载成功。
		id【1481】，下载成功。
		id【1483】，下载成功。
		id【1484】，下载成功。
		id【1485】，下载成功。
		id【1486】，下载成功。
		id【1487】，下载成功。
		id【1488】，下载成功。
		id【1489】，下载成功。
		id【1490】，下载成功。
		id【1491】，下载成功。
		id【1496】，下载成功。
		id【1497】，下载成功。
		id【1499】，下载成功。
		id【1502】，下载成功。
		id【1503】，下载成功。
		id【1504】，下载成功。
		id【1505】，下载成功。
		id【1506】，下载成功。
		id【1507】，下载成功。
		id【1508】，下载成功。
		id【1509】，下载成功。
		id【1510】，下载成功。
		id【1521】，下载成功。
		id【1525】，下载成功。
		id【1526】，下载成功。
		id【1530】，下载成功。
		id【1531】，下载成功。
		id【1532】，下载成功。
		id【1534】，下载成功。
		id【1535】，下载成功。
		id【1537】，下载成功。
		id【1543】，下载成功。
		id【1544】，下载成功。
		id【1546】，下载成功。
		id【1547】，下载成功。
		id【1548】，下载成功。
		id【1549】，下载成功。
		id【1550】，下载成功。
		id【1551】，下载成功。
		id【1552】，下载成功。
		id【1553】，下载成功。
		id【1584】，下载成功。
		id【1585】，下载成功。
		id【1586】，下载成功。
		id【1587】，下载成功。
		id【1591】，下载成功。
		id【1594】，下载成功。
		id【1602】，下载成功。
		id【1605】，下载成功。
		id【1606】，下载成功。
		id【1620】，下载成功。
		id【1622】，下载成功。
		id【1623】，下载成功。
		id【1624】，下载成功。
		id【1625】，下载成功。
		id【1626】，下载成功。
		id【1627】，下载成功。
		id【1628】，下载成功。
		id【1629】，下载成功。
		id【1640】，下载成功。
		id【1643】，下载成功。
		id【1644】，下载成功。
		id【1657】，下载成功。
		id【1697】，下载成功。
		id【1705】，下载成功。
		id【1753】，下载成功。
		id【1756】，下载成功。
		id【1759】，下载成功。
		id【1761】，下载成功。
		id【1763】，下载成功。
		id【1764】，下载成功。
		id【1765】，下载成功。
		id【1766】，下载成功。
		id【1767】，下载成功。
		id【1779】，下载成功。
		id【1780】，下载成功。
		id【1781】，下载成功。
		id【1782】，下载成功。
		id【1783】，下载成功。
		id【1784】，下载成功。
		id【1785】，下载成功。
		id【1786】，下载成功。
		id【1787】，下载成功。
		id【1788】，下载成功。
		id【1789】，下载成功。
		id【1790】，下载成功。
		id【1791】，下载成功。
		id【1792】，下载成功。
		id【1793】，下载成功。
		id【1794】，下载成功。
		id【1795】，下载成功。
		id【1796】，下载成功。
		id【1797】，下载成功。
		id【1798】，下载成功。
		id【1799】，下载成功。
		id【1800】，下载成功。
		id【1801】，下载成功。
		id【1802】，下载成功。
		id【1803】，下载成功。
		id【1804】，下载成功。
		id【1805】，下载成功。
		id【1806】，下载成功。
		id【1807】，下载成功。
		id【1808】，下载成功。
		id【1809】，下载成功。
		id【1810】，下载成功。
		id【1811】，下载成功。
		id【1812】，下载成功。
		id【1813】，下载成功。
		id【1814】，下载成功。
		id【1815】，下载成功。
		id【1816】，下载成功。
		id【1817】，下载成功。
		id【1818】，下载成功。
		id【1819】，下载成功。
		id【1820】，下载成功。
		id【1821】，下载成功。
		id【1822】，下载成功。
		id【1823】，下载成功。
		id【1826】，下载成功。
		id【1827】，下载成功。
		id【1828】，下载成功。
		id【1829】，下载成功。
		id【1830】，下载成功。
		id【1831】，下载成功。
		id【1832】，下载成功。
		id【1833】，下载成功。
		id【1834】，下载成功。
		id【1835】，下载成功。
		id【1836】，下载成功。
		id【1837】，下载成功。
		id【1838】，下载成功。
		id【1839】，下载成功。
		id【1840】，下载成功。
		id【1841】，下载成功。
		id【1842】，下载成功。
		id【1843】，下载成功。
		id【1845】，下载成功。
		id【1846】，下载成功。
		id【1847】，下载成功。
		id【1848】，下载成功。
		id【1849】，下载成功。
		id【1850】，下载成功。
		id【1851】，下载成功。
		id【1852】，下载成功。
		id【1853】，下载成功。
		id【1854】，下载成功。
		id【1855】，下载成功。
		id【1856】，下载成功。
		id【1857】，下载成功。
		id【1858】，下载成功。
		id【1859】，下载成功。
		id【1860】，下载成功。
		id【1861】，下载成功。
		id【1862】，下载成功。
		id【1863】，下载成功。
		id【1864】，下载成功。
		id【1865】，下载成功。
		id【1866】，下载成功。
		id【1867】，下载成功。
		id【1868】，下载成功。
		id【1869】，下载成功。
		id【1880】，下载成功。
		id【1881】，下载成功。
		id【1882】，下载成功。
		id【1883】，下载成功。
		id【1884】，下载成功。
		id【1885】，下载成功。
		id【1886】，下载成功。
		id【1887】，下载成功。
		id【1888】，下载成功。
		id【1901】，下载成功。
		id【1902】，下载成功。
		id【1903】，下载成功。
		id【1906】，下载成功。
		id【1907】，下载成功。
		id【1908】，下载成功。
		id【1909】，下载成功。
		id【1910】，下载成功。
		id【1911】，下载成功。
		id【1912】，下载成功。
		id【1913】，下载成功。
		id【1914】，下载成功。
		id【1915】，下载成功。
		id【1916】，下载成功。
		id【1917】，下载成功。
		id【1918】，下载成功。
		id【1919】，下载成功。
		id【1920】，下载成功。
		id【1921】，下载成功。
		id【1922】，下载成功。
		id【1923】，下载成功。
		id【1924】，下载成功。
		id【1925】，下载成功。
		id【1926】，下载成功。
		id【1927】，下载成功。
		id【1928】，下载成功。
		id【1929】，下载成功。
		id【1930】，下载成功。
		id【1931】，下载成功。
		id【1932】，下载成功。
		id【1933】，下载成功。
		id【1934】，下载成功。
		id【1935】，下载成功。
		id【1936】，下载成功。
		id【1937】，下载成功。
		id【1938】，下载成功。
		id【1939】，下载成功。
		id【1940】，下载成功。
		id【1941】，下载成功。
		id【1942】，下载成功。
		id【1943】，下载成功。
		id【1944】，下载成功。
		id【1945】，下载成功。
		id【1946】，下载成功。
		id【1947】，下载成功。
		id【1948】，下载成功。
		id【1949】，下载成功。
		id【1950】，下载成功。
		id【1951】，下载成功。
		id【1952】，下载成功。
		id【1953】，下载成功。
		id【1954】，下载成功。
		id【1955】，下载成功。
		id【1956】，下载成功。
		id【1957】，下载成功。
		id【1958】，下载成功。
		id【1959】，下载成功。
		id【1960】，下载成功。
		id【1961】，下载成功。
		id【1962】，下载成功。
		id【1963】，下载成功。
		id【1964】，下载成功。
		id【1965】，下载成功。
		id【1966】，下载成功。
		id【1967】，下载成功。
		id【1968】，下载成功。
		id【1969】，下载成功。
		id【1970】，下载成功。
		id【1971】，下载成功。
		id【1972】，下载成功。
		id【1973】，下载成功。
		id【1974】，下载成功。
		id【1975】，下载成功。
		id【1976】，下载成功。
		id【1977】，下载成功。
		id【1978】，下载成功。
		id【1979】，下载成功。
		id【1980】，下载成功。
		id【1982】，下载成功。
		id【1986】，下载成功。
		id【1987】，下载成功。
		id【1988】，下载成功。
		id【1989】，下载成功。
		id【1990】，下载成功。
		id【1991】，下载成功。
		id【1992】，下载成功。
		id【1993】，下载成功。
		id【1994】，下载成功。
		id【1995】，下载成功。
		id【1996】，下载成功。
		id【1997】，下载成功。
		id【1999】，下载成功。
		id【2000】，下载成功。
		id【2001】，下载成功。
		id【2002】，下载成功。
		id【2003】，下载成功。
		id【2007】，下载成功。
		id【2008】，下载成功。
		id【2009】，下载成功。
		id【2010】，下载成功。
		id【2040】，下载成功。
		id【2041】，下载成功。
		id【2042】，下载成功。
		id【2044】，下载成功。
		id【2058】，下载成功。
		id【2059】，下载成功。
		id【2060】，下载成功。
		id【2061】，下载成功。
		id【2062】，下载成功。
		id【2074】，下载成功。
		id【2075】，下载成功。
		id【2078】，下载成功。
		id【2079】，下载成功。
		id【2080】，下载成功。
		id【2081】，下载成功。
		id【2084】，下载成功。
		id【2087】，下载成功。
		id【2088】，下载成功。
		id【2089】，下载成功。
		id【2090】，下载成功。
		id【2091】，下载成功。
		id【2092】，下载成功。
		id【2096】，下载成功。
		id【2097】，下载成功。
		id【2107】，下载成功。
		id【2108】，下载成功。
		id【2109】，下载成功。
		id【2110】，下载成功。
		id【2111】，下载成功。
		id【2112】，下载成功。
		id【2113】，下载成功。
		id【2114】，下载成功。
		id【2115】，下载成功。
		id【2116】，下载成功。
		id【2117】，下载成功。
		id【2118】，下载成功。
		id【2119】，下载成功。
		id【2120】，下载成功。
		id【2121】，下载成功。
		id【2122】，下载成功。
		id【2123】，下载成功。
		id【2132】，下载成功。
		id【2133】，下载成功。
		id【2149】，下载成功。
		id【2150】，下载成功。
		id【2152】，下载成功。
		id【2177】，下载成功。
		id【2184】，下载成功。
		id【2187】，下载成功。
		id【2189】，下载成功。
		id【2192】，下载成功。
		id【2196】，下载成功。
		id【2197】，下载成功。
		id【2203】，下载成功。
		id【2228】，下载成功。
		id【2229】，下载成功。
		id【2230】，下载成功。
		id【2257】，下载成功。
		id【2305】，下载成功。
		id【2306】，下载成功。
		id【2311】，下载成功。
		id【2314】，下载成功。
		id【2326】，下载成功。
		id【2327】，下载成功。
		id【2331】，下载成功。
		id【2930】，下载成功。
		id【3059】，下载成功。
		id【3302】，下载成功。
	获取【未识别的病毒邮件】队列
		查询到【125】条数据
		id【18】，下载成功。
		id【19】，下载成功。
		id【36】，下载成功。
		id【72】，下载成功。
		id【73】，下载成功。
		id【78】，下载成功。
		id【89】，下载成功。
		id【90】，下载成功。
		id【104】，下载成功。
		id【109】，下载成功。
		id【173】，下载成功。
		id【174】，下载成功。
		id【183】，下载成功。
		id【186】，下载成功。
		id【190】，下载成功。
		id【213】，下载成功。
		id【214】，下载成功。
		id【251】，下载成功。
		id【252】，下载成功。
		id【253】，下载成功。
		id【254】，下载成功。
		id【255】，下载成功。
		id【345】，下载成功。
		id【997】，下载成功。
		id【383】，下载成功。
		id【384】，下载成功。
		id【415】，下载成功。
		id【495】，下载成功。
		id【669】，下载成功。
		id【693】，下载成功。
		id【694】，下载成功。
		id【711】，下载成功。
		id【741】，下载成功。
		id【1005】，下载成功。
		id【841】，下载成功。
		id【868】，下载成功。
		id【884】，下载成功。
		id【895】，下载成功。
		id【905】，下载成功。
		id【948】，下载成功。
		id【950】，下载成功。
		id【951】，下载成功。
		id【953】，下载成功。
		id【954】，下载成功。
		id【955】，下载成功。
		id【956】，下载成功。
		id【957】，下载成功。
		id【958】，下载成功。
		id【959】，下载成功。
		id【1008】，下载成功。
		id【1019】，下载成功。
		id【1022】，下载成功。
		id【1023】，下载成功。
		id【1024】，下载成功。
		id【1025】，下载成功。
		id【1027】，下载成功。
		id【1028】，下载成功。
		id【1029】，下载成功。
		id【1049】，下载成功。
		id【1061】，下载成功。
		id【1062】，下载成功。
		id【1067】，下载成功。
		id【1068】，下载成功。
		id【1071】，下载成功。
		id【1079】，下载成功。
		id【1080】，下载成功。
		id【1081】，下载成功。
		id【1110】，下载成功。
		id【1118】，下载成功。
		id【1119】，下载成功。
		id【1120】，下载成功。
		id【1121】，下载成功。
		id【1122】，下载成功。
		id【1123】，下载成功。
		id【1124】，下载成功。
		id【1125】，下载成功。
		id【1126】，下载成功。
		id【1127】，下载成功。
		id【1128】，下载成功。
		id【1130】，下载成功。
		id【1137】，下载成功。
		id【1138】，下载成功。
		id【1152】，下载成功。
		id【1165】，下载成功。
		id【1172】，下载成功。
		id【1175】，下载成功。
		id【1177】，下载成功。
		id【1182】，下载成功。
		id【1184】，下载成功。
		id【1185】，下载成功。
		id【1187】，下载成功。
		id【1192】，下载成功。
		id【1205】，下载成功。
		id【1227】，下载成功。
		id【1237】，下载成功。
		id【1243】，下载成功。
		id【1244】，下载成功。
		id【1245】，下载成功。
		id【1246】，下载成功。
		id【1264】，下载成功。
		id【1286】，下载成功。
		id【1288】，下载成功。
		id【1291】，下载成功。
		id【1292】，下载成功。
		id【1296】，下载成功。
		id【1301】，下载成功。
		id【1303】，下载成功。
		id【1358】，下载成功。
		id【1450】，下载成功。
		id【1451】，下载成功。
		id【1495】，下载成功。
		id【1555】，下载成功。
		id【1567】，下载成功。
		id【1571】，下载成功。
		id【1572】，下载成功。
		id【1608】，下载成功。
		id【2207】，下载成功。
		id【2208】，下载成功。
		id【2248】，下载成功。
		id【2249】，下载成功。
		id【2337】，下载成功。
		id【2662】，下载成功。
		id【2663】，下载成功。
		id【2761】，下载成功。
		id【2921】，下载成功。
	获取【误识别的病毒邮件】队列
		查询到【10】条数据
		id【663】，下载成功。
		id【981】，下载成功。
		id【982】，下载成功。
		id【1250】，下载成功。
		id【1251】，下载成功。
		id【1285】，下载成功。
		id【1345】，下载成功。
		id【1610】，下载成功。
		id【2093】，下载成功。
		id【2094】，下载成功。
